<?xml version="1.0" encoding="UTF-8"?>
<!-- Generated by org.testng.reporters.JUnitReportReporter -->
<testsuite hostname="DESKTOP-T1PL2IG" failures="0" tests="3" name="modulepackage.Pom_project.TC_005_search_product" time="13.548" errors="0" timestamp="2025-07-12T21:30:39 IST" skipped="1">
  <testcase classname="modulepackage.Pom_project.TC_005_search_product" name="Search_Product_And_vaildate_Search_product" time="0.877">
    <system-out>
      <![CDATA[Search the product and validate the search product]]>
    </system-out>
  </testcase> <!-- Search_Product_And_vaildate_Search_product -->
  <testcase classname="modulepackage.Pom_project.TC_005_search_product" name="Search_Product_And_vaildate_Search_product" time="1.502">
    <skipped/>
  </testcase> <!-- Search_Product_And_vaildate_Search_product -->
  <testcase classname="modulepackage.Pom_project.TC_005_search_product" name="Vaildate_The_Count_Of_Search_Product" time="11.169">
    <system-out>
      <![CDATA[validate the search result count should be greater than 3]]>
    </system-out>
  </testcase> <!-- Vaildate_The_Count_Of_Search_Product -->
  <system-out>
    <![CDATA[Search the product and validate the search product
validate the search result count should be greater than 3]]>
  </system-out>
</testsuite> <!-- modulepackage.Pom_project.TC_005_search_product -->
