<?xml version="1.0" encoding="UTF-8"?>
<!-- Generated by org.testng.reporters.JUnitReportReporter -->
<testsuite hostname="DESKTOP-T1PL2IG" failures="0" tests="2" name="modulepackage.Pom_project.TC_003_login_fail_incorect_password" time="15.434" errors="0" timestamp="2025-07-12T21:32:38 IST" skipped="0">
  <testcase classname="modulepackage.Pom_project.TC_003_login_fail_incorect_password" name="hover_element" time="9.266">
    <system-out>
      <![CDATA[Hover on the element and click on sign in button]]>
    </system-out>
  </testcase> <!-- hover_element -->
  <testcase classname="modulepackage.Pom_project.TC_003_login_fail_incorect_password" name="enter_invaild_cred_and_validate_username" time="6.168">
    <system-out>
      <![CDATA[Enter vaild cred
verfiy error box is displayed]]>
    </system-out>
  </testcase> <!-- enter_invaild_cred_and_validate_username -->
  <system-out>
    <![CDATA[Hover on the element and click on sign in button
Enter vaild cred
verfiy error box is displayed]]>
  </system-out>
</testsuite> <!-- modulepackage.Pom_project.TC_003_login_fail_incorect_password -->
